commit 25eece33f284ab74d6a8c0ffa75c6e5dc92556d1
Author: Deven Kalra <ideven85@gmail.com>
Date:   Mon Sep 30 02:42:53 2024 +0530

    Refactored

commit 1f93ec482590027428bd087f97bde7e03ffe9e6e
Author: Deven Kalra <deven@Macbook.local>
Date:   Sat Sep 14 23:23:32 2024 +0530

    Added Demo Mouse Motion Listener

commit d01dd9138968b9d9fa0708454ce61fa5b35a9892
Author: Deven Kalra <deven@Macbook.local>
Date:   Thu Aug 29 10:57:35 2024 +0530

    Added Files Through Upload

commit fb64af948b27864831985cdaabbd187000a18560
Author: Deven Kalra <deven@Macbook.local>
Date:   Thu Aug 29 09:51:27 2024 +0530

    Added Files Through Upload

commit 5a1214e5750fb67834221c28fd6363be0a97633a
Author: Deven Kalra <deven@Macbook.local>
Date:   Mon Aug 26 17:24:06 2024 +0530

    Added Files Through Upload

commit 940cc3fe3cb596a2e0484dd971345b6a74e20974
Author: Deven Kalra <deven@Macbook.local>
Date:   Fri Aug 23 16:33:14 2024 +0530

    Made Changes

commit 897cbe2881e159e1e39930d7981c666759596f97
Author: Deven Kalra <deven@Macbook.local>
Date:   Fri Aug 23 16:30:05 2024 +0530

    Removed From Dag

commit d6901d5988d15595b79fb6c5a127acc88d87e2c6
Author: Deven Kalra <deven@Macbook.local>
Date:   Fri Aug 23 16:29:18 2024 +0530

    Added Files Through Upload

commit 534d3f8d42f8d93f13a988752a4b4b30e96a784e
Author: Deven Kalra <deven@Macbook.local>
Date:   Sun Aug 18 09:27:33 2024 +0530

    Revising

commit 3c3c12aacdb656d716c2ce61164835be01b1933f
Author: Deven Kalra <deven@Macbook.local>
Date:   Fri Jul 26 20:20:20 2024 +0530

    Revision

commit 2266c55717bfa39fc0951e6a21d476186c5e9880
Author: Deven Kalra <deven@Macbook.local>
Date:   Wed Jul 24 01:06:48 2024 +0530

    Restructured

commit d72c467ec2995acf5c5f648a79e442de3ff00559
Author: Ankster <ankster@Macbook.local>
Date:   Fri Jul 5 00:13:10 2024 +0530

    Made Changes

commit e52d5de604f1172fa1d4f3b2f23f67636ebe8876
Author: Ankster <ankster@Macbook.local>
Date:   Sat Apr 20 06:56:53 2024 +0530

    Removed Old Code

commit 0278b387cd9eda913a8ac8adfa7a68e16bc4ff09
Author: Deven Kalra <deven@Macbook.local>
Date:   Thu Mar 7 11:24:38 2024 +0530

    Added Files Through Upload

commit 1a79936daca4ddb38385c7d665004bab9a6acb27
Author: Deven Kalra <deven@Macbook.local>
Date:   Thu Feb 15 18:06:30 2024 +0530

    Added Files

commit a8d35a4c2c56a036014c2db213fa1fd26371feee
Author: Deven Kalra <deven@Macbook.local>
Date:   Fri Jan 19 19:11:27 2024 +0530

    Added Files Through Upload

commit 2d25b85e08293cb71cb6265126a50fcba242811c
Author: Deven Kalra <deven@Macbook.local>
Date:   Fri Jan 19 19:05:30 2024 +0530

    Added Files Through Upload

commit ce5fabe82c407654abbfa156ea8737f405b12e92
Author: Deven Kalra <deven@Macbook.local>
Date:   Sat Jan 13 05:51:28 2024 +0530

    Added Files Through Upload

commit b44a3efe5de6a3a6b6f6e49ff59e112b456bf9aa
Author: Deven Kalra <deven@Macbook.local>
Date:   Sat Jan 13 04:10:43 2024 +0530

    Added Files Through Upload

commit ff110b3f846743b4c8486867fa74ee214b380bd5
Author: Deven Kalra <deven@Macbook.local>
Date:   Sat Jan 13 03:50:02 2024 +0530

    Added Files Through Upload

commit 6dbf4504b5d39f8afeb8106e5affd72a474a552c
Author: Deven Kalra <deven@Macbook.local>
Date:   Thu Jan 11 04:41:44 2024 +0530

    Added Files Through Upload

commit 86cb41f6d1e5588d8aff1d76a99283c40f80b069
Author: Deven Kalra <deven@Macbook.local>
Date:   Mon Jan 8 06:01:45 2024 +0530

    Added Files Through Upload

commit 3ee7c4b5557734d50574d38288ac20f35f528b56
Author: Deven Kalra <deven@Macbook.local>
Date:   Sat Jan 6 10:51:44 2024 +0530

    Added Files Through Upload

commit d958574ae94ed6e84bc92b9a46885d1b23ba6e67
Author: Ankster <ankster@Macbook.local>
Date:   Wed Jan 3 21:06:24 2024 +0530

    Added Files Through Upload

commit e4e2c7b8a97ca5ea8a8d6a9fb0dfa5276d7b1f9f
Author: Deven <deven@Macbook.local>
Date:   Sun Dec 24 01:11:02 2023 +0530

    Added Files Through Upload

commit 1f2dc116ed49647f2100c94db919079ee1c08735
Author: Deven <deven@Macbook.local>
Date:   Fri Dec 22 09:54:25 2023 +0530

    Added Files Through Upload

commit 0a6c7460b7ff906c3c9cd76c00067d9dc0e8abc3
Author: Deven <deven@Macbook.local>
Date:   Fri Dec 22 03:30:47 2023 +0530

    Added Files Through Upload

commit 88bb78ec1bd86eb0b7f461f7b35dd622fab260bb
Author: Deven Kalra <deven@Macbook.local>
Date:   Sun Dec 17 23:53:51 2023 +0530

    Added Files Through Upload

commit 4ff133149e917aa5ebb1a13f9f6bb44bf0fd411d
Author: Deven Kalra <deven@Macbook.local>
Date:   Wed Dec 6 22:32:27 2023 +0530

    Added Files Through Upload

commit 5d0d432cd3eb71c38c4986f62ee02161e686814f
Author: Deven Kalra <deven@Macbook.local>
Date:   Sun Dec 3 14:42:11 2023 +0530

    Added Files Through Upload

commit 33eb724a3fe9ab9c3de85b74e2840489c6fce02d
Author: Deven Kalra <deven@Macbook.local>
Date:   Sat Dec 2 14:35:15 2023 +0530

    Added Files Through Upload

commit 5c91373230d495b48fc7f3e5e678fb2149189153
Author: Deven Kalra <deven@Macbook.local>
Date:   Sat Dec 2 12:32:56 2023 +0530

    Added Files Through Upload

commit f20bd96db0cc8f0fec40453d4335d1fe70e34cdf
Author: Deven Kalra <deven@Macbook.local>
Date:   Fri Dec 1 14:20:45 2023 +0530

    Added Files Through Upload

commit 701d786c6941bd2615494e216092961d49fef6b7
Author: Deven Kalra <deven@Macbook.local>
Date:   Tue Nov 28 07:40:52 2023 +0530

    Added Files Through Upload

commit ab7ee509f65d174015b93fcb3bd18a47131a29b4
Author: Deven Kalra <deven@Macbook.local>
Date:   Sat Nov 25 05:14:16 2023 +0530

    Added Files Through Upload

commit e2b15ea18cbee334161b5ead6d6ef1f2644f6e0f
Author: Deven Kalra <deven@Macbook.local>
Date:   Wed Nov 22 07:14:29 2023 +0530

    Added Files Through Upload

commit ab2f7b5b39c1d6b607d67108fa219991f7a3f444
Author: Deven Kalra <deven@Macbook.local>
Date:   Wed Nov 22 02:35:22 2023 +0530

    Added Files Through Upload

commit 715cc7cc938f05f69016f36798bb1b595b81271d
Author: Deven Kalra <deven@Macbook.local>
Date:   Mon Nov 13 23:52:45 2023 +0530

    Added Files Through Upload

commit 0051dcaf4f97a03a3a78553528850149e32ce098
Author: Deven Kalra <deven@Macbook.local>
Date:   Sat Nov 11 01:18:35 2023 +0530

    Added Files Through Upload

commit 80633710cdb54ff61186c407f96c734a9ef8f0f3
Author: Deven Kalra <deven@Macbook.local>
Date:   Wed Nov 8 20:11:07 2023 +0530

    Added Files Through Upload

commit 6a1fea7964ca3e2a0be9d5a1aed7371e303bfe19
Author: Deven Kalra <deven@Macbook.local>
Date:   Mon Nov 6 03:07:00 2023 +0530

    added files through upload

commit 8edc1d41d6bffee19e6dbbc3bca2de11f4520742
Author: Deven Kalra <deven@Macbook.local>
Date:   Sun Nov 5 22:37:19 2023 +0530

    added files through upload

commit 8e6c0d41daba8a1afbfde9a33a26f636a0ce16a8
Author: Deven Kalra <deven@Macbook.local>
Date:   Sat Nov 4 04:05:33 2023 +0530

    added files through upload

commit b3e1a5dda25d826c65355793291dcd14355f1286
Author: Deven Kalra <deven@Macbook.local>
Date:   Sat Nov 4 00:43:49 2023 +0530

    added files through upload

commit b3299068950b8001836813c187f8ee53b07ffbe5
Author: Deven Kalra <deven@Macbook.local>
Date:   Fri Nov 3 23:13:33 2023 +0530

    added files through upload

commit 448fded0094ff4bacfa22c091589cabe49c214c2
Author: Deven Kalra <deven@Macbook.local>
Date:   Tue Oct 31 23:56:44 2023 +0530

    Added Files Through Upload

commit 8264d10a04f07ce02245f7dcb30ff1ed84e36361
Author: Ankster <ankster@Macbook.local>
Date:   Mon Oct 30 08:32:31 2023 +0530

    Added Files Through Upload

commit a7ae5e24a01da68861264244586979ae3bff0261
Author: Ankster <ankster@Macbook.local>
Date:   Sat Oct 28 18:09:24 2023 +0530

    Added Files

commit dee090c1a36aca3a494970f310c6b01563613182
Author: Deven Kalra <deven@iMac.local>
Date:   Sun Oct 22 22:10:28 2023 +0530

    Added Files Through Upload

commit 4c5bf9a12044773d17e883fd0969f78f2c5a05b0
Author: Deven <deven@Macbook.local>
Date:   Tue Oct 10 18:23:33 2023 +0530

    Added Files Through Upload

commit 49f3b8e81f2317f342a8fe32aea25468e695a169
Author: Deven <deven@Macbook.local>
Date:   Sun Oct 8 03:23:50 2023 +0530

    Added Files Through Upload

commit 3bee6a744d9a9a8d559c74474ead337d733d7bf0
Author: Deven <deven@Macbook.local>
Date:   Sat Oct 7 02:05:38 2023 +0530

    Added Files Through Upload

commit b229daf7cb0b6dd1d9bfb7c22bb4f3fae6779ba0
Author: Deven Kalra <deven@Macbook.local>
Date:   Sun Oct 1 08:47:02 2023 +0530

    Added Files Through Upload

commit e3a83077b5cb711d98daf87fbbcb72a4d919b83e
Author: Deven Kalra <deven@Macbook.local>
Date:   Sun Oct 1 04:20:09 2023 +0530

    Added Files Through Upload

commit 4b2bdd0f6cd295d87b563cbc31bac78e9dd5bedf
Author: Deven Kalra <deven@Macbook.local>
Date:   Fri Sep 29 07:16:46 2023 +0530

    Added Files Through Upload

commit abea3034509350570fc1a81a9ff9d456ac0c3b86
Author: Deven Kalra <deven@Macbook.local>
Date:   Fri Sep 29 02:20:28 2023 +0530

    Added Files Through Upload

commit 8a6f81fc7cd82cad4b88730b37cf9b1b12c58143
Author: Deven Kalra <deven@Macbook.local>
Date:   Fri Sep 29 01:39:51 2023 +0530

    Added Files Through Upload

commit c31c7accaff65462d2f51e2ec0ae179ddafbcf0d
Author: Deven Kalra <deven@Macbook.local>
Date:   Fri Sep 29 01:07:53 2023 +0530

    Added Files Through Upload

commit e566b0d07fbfa8473d97bd0ccf90bb5fe78814ea
Author: Deven Kalra <deven@Macbook.local>
Date:   Fri Sep 29 01:02:56 2023 +0530

    Added Files Through Upload

commit 8e570136844ce96deb02a5eaea18bba091fe9d86
Author: Deven Kalra <deven@Macbook.local>
Date:   Fri Sep 29 00:27:26 2023 +0530

    Made Changes for Lombok Support

commit 0e11bbff901422397800832400186634981cd4a5
Author: Deven Kalra <deven@Macbook.local>
Date:   Wed Sep 27 00:55:52 2023 +0530

    Added Files Through Upload

commit 23ca1d6db5014c8e5567b7c4edda6992dba90673
Author: Ankster <ankster@Macbook.local>
Date:   Sun Sep 24 01:39:33 2023 +0530

    Changed

commit 596252c64af0a5e4a6ef67196722a935894f8178
Author: Deven Kalra <deven@Macbook.local>
Date:   Thu Sep 21 23:25:25 2023 +0530

    Added Files Through upload

commit fa48be95ea8e8f8558da224bee43f6b473650d89
Author: Deven Kalra <deven@Macbook.local>
Date:   Thu Sep 21 20:46:31 2023 +0530

    Added Files Through upload

commit bfc50341dab1306308ecb1f06fa551059f8c4f76
Author: Deven Kalra <deven@Macbook.local>
Date:   Thu Sep 21 17:37:23 2023 +0530

    Added Files Through upload

commit 2be18c6d59b3707bdd9a7bf95ba8178f64d63408
Author: Deven Kalra <deven@Macbook.local>
Date:   Thu Sep 21 17:37:05 2023 +0530

    Added Files Through upload

commit 4a3a2acd3fc281997fc7dd40f0439b9ae49efa12
Author: Deven Kalra <deven@Macbook.local>
Date:   Mon Sep 18 20:44:26 2023 +0530

    Added Files Through upload

commit 2a1d14c605ee4c48d33024d0f87ceb8dbbe66a5f
Author: Deven Kalra <deven@Macbook.local>
Date:   Sat Sep 16 04:24:29 2023 +0530

    Added Files Through upload

commit 73752f4b788eb8b2fe87e4163e0f963eed9ffc58
Author: Deven Kalra <deven@Macbook.local>
Date:   Sat Sep 16 01:33:45 2023 +0530

    Added Files Through upload

commit d6bc6d4932d3c405ff11b0a596048c61fc6f923c
Author: Deven Kalra <deven@Macbook.local>
Date:   Thu Sep 14 15:35:40 2023 +0530

    Added Files Through Upload

commit dfdc2b91976ecdee5df2dc2b62c0684e9b0f6682
Author: Deven Kalra <deven@Macbook.local>
Date:   Wed Sep 13 01:31:27 2023 +0530

    Added Files Through Upload

commit 9c94bc1ac970d9555dc352a651fba0679ddcbe91
Author: Deven Kalra <deven@Macbook.local>
Date:   Mon Sep 11 19:10:47 2023 +0530

    Added Files Through Upload

commit c7c776194a14e18e99fb5851aec45a85c56ee2f2
Author: Deven Kalra <deven@Macbook.local>
Date:   Mon Sep 11 08:12:36 2023 +0530

    Made Changes

commit a74a7d7210b128496ae2b8da4385a36e8dd4f59d
Author: Deven Kalra <deven@Macbook.local>
Date:   Fri Sep 8 16:57:04 2023 +0530

    Added Files Through Upload

commit 5c8f5f49408348caad01206858bffa219d44b0d8
Author: Deven Kalra <deven@Macbook.local>
Date:   Fri Sep 8 14:58:52 2023 +0530

    Added Files Through Upload

commit b91a2782f3dd2b80660ea7ee6e72f1142a80c223
Author: Deven Kalra <deven@Macbook.local>
Date:   Fri Sep 8 09:49:19 2023 +0530

    Added Files Through Upload

commit 09295434fa5f3a1ed5892c4838f5bbeb27153f2c
Author: Deven Kalra <deven@Macbook.local>
Date:   Fri Sep 8 04:37:11 2023 +0530

    Added Files Through Upload

commit 7422ecde65b0687d33fb2686b4d4d68303a66358
Author: Deven Kalra <deven@Macbook.local>
Date:   Wed Sep 6 22:08:45 2023 +0530

    Added Files Through Upload

commit 9a29d554ffd581cc64e96adb01743c351603e3db
Author: Deven Kalra <deven@Macbook.local>
Date:   Tue Sep 5 20:31:48 2023 +0530

    Added Files Through Upload

commit 7e7811e3992bd6f38fa3df86b9f884412b4ca0e2
Author: Deven Kalra <deven@Macbook.local>
Date:   Mon Sep 4 21:36:42 2023 +0530

    Added Files Through Upload

commit 0926760e8e6f7d90afc8202e429b597bdb914285
Author: Deven Kalra <deven@Macbook.local>
Date:   Mon Sep 4 12:56:51 2023 +0530

    Added Files Through Upload

commit 868eea73265c1513b714c349ef08bc1bb40c7bd3
Author: Deven Kalra <deven@Macbook.local>
Date:   Mon Sep 4 04:24:57 2023 +0530

    Added Files Through Upload

commit 72aa3c0bc111365dec34a3f52b0c6a15d9670901
Author: Deven Kalra <deven@Macbook.local>
Date:   Sat Sep 2 10:43:01 2023 +0530

    Added Files Through Upload

commit a6066bdd5eaf649c68784bbb5c8dcdf68400c376
Author: Deven Kalra <deven@Macbook.local>
Date:   Fri Sep 1 02:50:34 2023 +0530

    Added Files Through Upload

commit 52cd3ca59018033f26700c3b1a53d04c634de655
Author: Deven Kalra <deven@Macbook.local>
Date:   Tue Aug 29 14:14:01 2023 +0530

    Added Files Through Upload

commit fc6dbfd691628739ab07b8eea932282ff291389b
Author: Deven Kalra <deven@Macbook.local>
Date:   Tue Aug 29 14:12:34 2023 +0530

    Added Files Through Upload

commit 15b2cb978a9f8498f3fce98c2a8090707eef1b4b
Author: Deven Kalra <deven@Macbook.local>
Date:   Tue Aug 29 14:05:53 2023 +0530

    first commit


commit 0be534bb9c651afc2b5a80b7e0e5d9cbc4dddabb
Author: Deven Kalra <deven@Macbook.local>
Date:   Mon Aug 28 21:32:19 2023 +0530

    Added a file

commit 386b1c8d2350c71e7236cc54f9131298edf9fbcf
Author: Deven Kalra <deven@Macbook.local>
Date:   Sat Aug 26 11:54:41 2023 +0530

    Restructured

commit 795fee4f8f4ceecedf4ce3dcb045a00f4c2d19c0
Author: Deven Kalra <deven@Macbook.local>
Date:   Sat Aug 26 04:23:51 2023 +0530

    Restructured

commit 4233ce4666441fc5652605bf63ff5375eaab64e5
Author: Ankster <ankster@Macbook.local>
Date:   Thu Aug 24 14:39:55 2023 +0530

    Made Changes

commit 508c1d59cd35c8dfc39c2894362445a34ca3abe2
Author: Ankster <ankster@Macbook.local>
Date:   Thu Aug 24 09:01:42 2023 +0530

    Made Changes

commit b4c330690f667fa555fa12e18116514d045322fb
Author: Ankster <ankster@Macbook.local>
Date:   Thu Aug 24 06:20:06 2023 +0530

    Made Changes

commit edeb7ee21a05518b9e03ac0fb0cf221b1fbd55e6
Author: Ankster <ankster@Macbook.local>
Date:   Thu Aug 24 06:17:03 2023 +0530

    Made Changes

commit cf2a329486e5bba0f3e7d2fddc87777513c9672e
Author: Ankster <ankster@Macbook.local>
Date:   Thu Aug 24 03:39:19 2023 +0530

    Made Changes

commit c31ca3ae4a86d08e77e2860d90d677a4b85f9913
Author: Ankster <ankster@Macbook.local>
Date:   Wed Aug 23 05:31:57 2023 +0530

    Made Changes

commit 1fd73b6e3013cde160d7b4fb449ad0b0ffc9f4a0
Author: Ankster <ankster@Macbook.local>
Date:   Tue Aug 22 11:38:57 2023 +0530

    Made Changes

commit 04d305185e0a46a4ffd3b47c46fbda33e76e5ec8
Author: Ankster <ankster@Macbook.local>
Date:   Tue Aug 22 11:27:22 2023 +0530

    Made Changes

commit c01e8811555bd8f30223629a05ec65597fd5a003
Author: Ankster <ankster@Macbook.local>
Date:   Tue Aug 22 09:06:27 2023 +0530

    Made Changes

commit af0cfe166835924b7ae8251679ff18af23da3833
Author: Ankster <ankster@Macbook.local>
Date:   Tue Aug 22 04:41:45 2023 +0530

    Made Changes

commit 240ac0dc970b2337feeeb7d90aa9d82ca220aaf6
Author: Deven Kalra <deven@Macbook.local>
Date:   Sat Aug 19 06:55:39 2023 +0530

    Added Files

commit e21cf66c47d28cf642550c02034e40ee4f78a815
Author: Deven Kalra <deven@Macbook.local>
Date:   Fri Aug 4 08:36:59 2023 +0530

    Final Commit

commit 2a30d22bf61413da58b7ec67c3e1303d1ab4bbaa
Author: Deven Kalra <deven@Macbook.local>
Date:   Fri Jul 28 22:16:51 2023 +0530

    Added Files

commit 9dc54af1f9d26b237228a716625fe2033cb7ee92
Author: Deven Kalra <ideven85@gmail.com>
Date:   Fri Jul 21 19:33:16 2023 +0530

    Added Files Through Upload

commit 3b838109f37dea0153926ae3782ae080376ebca8
Author: Deven Kalra <deven@Mac.local>
Date:   Wed Jul 19 03:27:21 2023 +0530

    Added Files Through Upload

commit 5a9234bc4d36a89bd87a42d5c93e99081b5305a7
Author: Deven Kalra <deven@Macbook.local>
Date:   Mon Jul 17 14:46:06 2023 +0530

    Added Files Through Upload

commit b40375e86192d998f6e82cc5bfc5de41ddb81f08
Author: Deven <deven@Macbook.local>
Date:   Thu Jul 13 23:15:57 2023 +0530

    Cleaned up

commit 5e259bf7850c0d5e9f0ea80c0fbd2fb8314e1b56
Author: Ankster <ankster@Macbook.local>
Date:   Sat Jul 8 04:27:11 2023 +0530

    Added Files Through upload

commit a6eddeaae0509fa72a5065647354db9904d8a0a3
Author: Deven Kalra <deven@Mac.local>
Date:   Wed Jun 28 18:51:56 2023 +0530

    Added Files

commit 684a05203c3e9b84f513c7bd400d13653384c4e5
Author: Deven Kalra <deven@Mac.local>
Date:   Fri Jun 23 15:37:24 2023 +0530

    Added Files

commit 88258b45c4615fb4d71bc9c81615d90ee916bcc8
Author: Ankster <ankster@Mac.local>
Date:   Tue Jun 20 07:41:52 2023 +0530

    Added Files

commit b6940a45f3d728ce5dcb2a155dbc9a837f22de72
Author: Deven Kalra <deven@Mac.local>
Date:   Sun Jun 11 05:30:13 2023 +0530

    Added Files Through Upload

commit f7c7b57e15843643c439b25219f23a7657a035af
Author: Deven Kalra <deven@Mac.local>
Date:   Tue Jun 6 03:00:37 2023 +0530

    Added Files Through Upload

commit 7a4b1ea9a3b6d505a7564f84c84e36e2048c9817
Author: Deven Kalra <deven@Mac.local>
Date:   Sun Jun 4 08:34:49 2023 +0530

    Added Files Through Upload

commit f4e64ab48c1be2a1017bc941a530fbc4107c7509
Author: Deven Kalra <ideven85@gmail.com>
Date:   Thu May 25 05:56:43 2023 +0530

    Changed Files

commit aa0705c69f75f5f82652df17d1a57357b3902b23
Author: Deven Kalra <ideven85@gmail.com>
Date:   Thu May 25 04:51:33 2023 +0530

    Create maven.yml

commit 0551692a889e80c459aa061a3a0c975a87c06342
Author: Deven Kalra <ideven85@gmail.com>
Date:   Tue May 23 23:58:06 2023 +0530

    Added Files Through Upload

commit ee7e8fb97270e47f9a13e22902f67721d2846ff4
Author: Deven Kalra <ideven85@gmail.com>
Date:   Tue May 23 18:55:36 2023 +0530

    Added Files Through Upload

commit aa697f457d1b3de70f7be5afe6ad68f399ce2b86
Author: Deven Kalra <ideven85@gmail.com>
Date:   Mon May 22 06:29:23 2023 +0530

    Added Files Through Upload

commit 49008604c208cf53a13a77b0b925d2be88f40cf0
Author: Deven Kalra <ideven85@gmail.com>
Date:   Mon May 22 06:00:33 2023 +0530

    Added Files Through Upload

commit 7049a4359ee24e1dcda0bcb3b95f933f0e71e80a
Author: Deven Kalra <ideven85@gmail.com>
Date:   Sat May 20 21:59:24 2023 +0530

    Added Files Through Upload

commit a89e71808ee0d3ca876dba6a13b6932f0f277360
Author: Deven Kalra <ideven85@gmail.com>
Date:   Fri May 19 03:21:17 2023 +0530

    Added Files Through Upload

commit c3944f131952df987de677cb0c1e9ec630e177d0
Author: Deven Kalra <ideven85@gmail.com>
Date:   Tue May 16 22:55:48 2023 +0530

    Added Files Through Upload

commit 96fd8c30f50b4e19bc8a7cd760e58e825bf53213
Author: Deven Kalra <ideven85@gmail.com>
Date:   Tue May 16 21:52:43 2023 +0530

    Added Files Through Upload

commit 455838b66986edc8576b2c6cf53a79775f3a4e86
Author: Deven Kalra <deven@Macbook.local>
Date:   Sat May 13 18:39:08 2023 +0530

    Added Files Through Upload

commit fdbc264aec398ad4b8748a88b988ef21884fe0bc
Author: Deven Kalra <deven@Macbook.local>
Date:   Sat May 13 01:17:20 2023 +0530

    Made Changes

commit bd55b361d210d24654480dd3ef0ffd91cdf96155
Author: Deven Kalra <deven@Mac.local>
Date:   Mon May 8 19:12:36 2023 +0530

    Added Files through upload

commit fcdfa379cc4c10dd83f3ce9def49e41289eee803
Author: Deven Kalra <deven@Mac.local>
Date:   Fri May 5 18:45:19 2023 +0530

    Added Files through upload

commit cf4b7ebc0a14f4017359b5070c257a902b2ec130
Author: Deven Kalra <deven@Mac.local>
Date:   Mon May 1 07:06:52 2023 +0530

    Added Files through upload

commit 76e25b59429d3ef52ec044e096e46ba687425318
Author: Deven Kalra <deven@Mac.local>
Date:   Thu Apr 27 23:00:00 2023 +0530

    Added Files through upload

commit b2cc06e0f3dcdcf160f3e6085c1d2293fabe2714
Author: Deven Kalra <deven@MBA.local>
Date:   Sun Apr 23 20:34:15 2023 +0530

    Added module

commit 84fb555fd5eade372a22e40bf0e2883346939a96
Author: Deven Kalra <deven@Mac.local>
Date:   Fri Apr 21 03:33:56 2023 +0530

    Changes

commit 14afd62c955e729222bc519420165a7897d1168f
Author: Deven <deven@Macbook.local>
Date:   Fri Apr 14 13:25:40 2023 +0530

    Added files through Upload

commit ed40ef7fd5471ad5c7e197619c4a6c239c7c07fe
Author: Deven <deven@Macbook.local>
Date:   Fri Apr 14 12:37:00 2023 +0530

    Added new Module

commit 8ce69c34875332726c065a0aa1b8a897deb9737c
Author: Deven Kalra <deven@Macbook.local>
Date:   Wed Apr 12 10:56:42 2023 +0530

    Added Files Through Upload

commit 6cd4fae5493e3f0be1f040dd186626cd706cd897
Author: Deven Kalra <deven@Mac.local>
Date:   Sat Apr 8 01:19:06 2023 +0530

    Removed Files

commit d7618f8aa36618820c777bb695186113092a22ce
Author: Deven Kalra <deven@Mac.local>
Date:   Fri Apr 7 23:05:13 2023 +0530

    Added Files

commit 068423aa4bd22eecb3012a07d8b777d916667807
Author: Deven Kalra <deven@Ventura.local>
Date:   Tue Apr 4 10:21:50 2023 +0530

    Changed

commit ea4c73153db827620d71fde167786354e994c899
Author: Deven Kalra <deven@Mac.local>
Date:   Mon Apr 3 05:32:09 2023 +0530

    Added Files

commit 7a665d593552f079cdcb2135921a8a18981e795f
Author: Deven Kalra <deven@Macbook.local>
Date:   Wed Mar 29 16:28:23 2023 +0530

    Added Files

commit cdc828fdf89c984122f54144b22ac4c48c67669f
Author: Deven Kalra <deven@Macbook.local>
Date:   Sun Mar 26 10:25:50 2023 +0530

    Added Files

commit 9c24eaa1eab2471a3b666b3f5f096ef7b9ca0b58
Author: Deven Kalra <deven@Macbook.local>
Date:   Mon Mar 20 10:13:46 2023 +0530

    Minor Changes

commit 9c98e7ece39c3d51c8b0538c3a2e61d9cb7ce9ba
Author: Deven Kalra <deven@Mac.local>
Date:   Fri Mar 17 06:22:17 2023 +0530

    Added Files Through Upload

commit bef2d99d586fc488d5b18c0873c1fa982e6bc042
Author: Deven Kalra <deven@Mac.local>
Date:   Wed Mar 15 04:41:42 2023 +0530

    added files through Upload

commit 8fb02ee626e6ece0832f8340c5b1317b8308505b
Author: Deven Kalra <deven@Mac.local>
Date:   Wed Mar 15 00:34:09 2023 +0530

    added files through Upload

commit 38f44f66dcbc2614f5f5964cfc66b69a25e72674
Author: Deven <deven@Mac.local>
Date:   Sun Mar 12 03:46:15 2023 +0530

    Added Files Through Upload

commit c44be1d96d13eb49e10c14c3985266f767184b1f
Author: Deven Kalra <deven@Macbook.local>
Date:   Sun Mar 5 21:14:31 2023 +0530

    Changed pom.xml

commit 60360a4603ae2600bc44b856bd9c40636de6638a
Author: Deven Kalra <deven@Mac.local>
Date:   Sat Feb 25 17:29:03 2023 +0530

    Added Files Through Upload

commit fcfc7bf35b0a5b1c5d4e92c97ab52e2bf4225e0c
Author: Deven Kalra <deven@Macbook.local>
Date:   Thu Feb 16 01:06:36 2023 +0530

    Added Files Through Upload

commit dff58f9e85a453af09ac2b838f8d421ac7e36f92
Author: Deven Kalra <deven@Macbook.local>
Date:   Thu Feb 9 23:45:04 2023 +0530

    Added Files Through Upload

commit 7d79952592de9d521a4d83c4e9c2bd863e85ecd5
Author: Deven Kalra <deven@Macbook.local>
Date:   Wed Feb 8 20:18:14 2023 +0530

    Added Files through Upload

commit 0370bc744cb0d96529643f14b4364119a07292a2
Author: Deven Kalra <deven@Macbook.local>
Date:   Tue Feb 7 20:35:39 2023 +0530

    Added Files through Upload

commit a8f4e0520e4a231829affe497ea269fd2aec2c27
Author: Deven <deven@Macbook.local>
Date:   Sat Feb 4 20:30:44 2023 +0530

    Added Files through Upload

commit 7db87ef615c74dc85fff70a9b2eada03d726e172
Author: Deven <deven@Macbook.local>
Date:   Sat Feb 4 10:17:14 2023 +0530

    Added Files through Upload

commit ebd813b617fd761149c4895e36dabb3f15c536b2
Author: Deven <deven@Macbook.local>
Date:   Wed Feb 1 09:25:40 2023 +0530

    Added Files through Upload

commit f26a64bd97247ccfd57abc15c430e6b736373a9f
Author: Deven <deven@Macbook.local>
Date:   Tue Jan 31 04:57:11 2023 +0530

    Added Files Through Upload

commit fe357023f5cbabf2ae4c60496354fe1bb2177435
Author: Deven <deven@Macbook.local>
Date:   Mon Jan 30 06:30:27 2023 +0530

    Added Files Through Upload

commit 15e5b64fe36ac1c13e12eb7ba0481d76c155089e
Author: Deven Kalra <deven@Macbook.local>
Date:   Fri Jan 27 10:54:12 2023 +0530

    Added Files

commit 6ea0ec2d428a360098aae9fb15b796581efbd823
Author: Deven Kalra <deven@Macbook.local>
Date:   Wed Jan 25 08:26:21 2023 +0530

    Added Files Through Upload

commit eaf5b49bf4b38f01750a605c86c716e40ac82e02
Author: Deven Kalra <ideven85@gmail.com>
Date:   Tue Jan 24 00:55:27 2023 +0530

    Added Files Through Upload

commit ebec62e2854f5f6b1186cdb80b62fb802678936a
Author: Deven Kalra <ideven85@gmail.com>
Date:   Mon Jan 23 18:43:30 2023 +0530

    "Added Files Through Upload"

commit 3015e0e64be725b55fddd3a46fc46b7a5567a4a7
Merge: bb7d30a f6eae00
Author: Deven <deven@Macbook.local>
Date:   Mon Jan 23 15:49:28 2023 +0530

    Added Files Through Upload

commit bb7d30ad60ded0cd12251854b217c51795441cd9
Author: Deven <deven@Macbook.local>
Date:   Mon Jan 23 15:47:53 2023 +0530

    Added Files Through Upload

commit f6eae002925c5b719372e404bff6bf5619d8b3cf
Author: Deven Kalra <deven@Macbook.local>
Date:   Sun Jan 22 04:54:41 2023 +0530

    Added Files Through Upload

commit 31da10819433ba70a720e62b767b8e345ba9ab8c
Author: Deven Kalra <deven@Macbook.local>
Date:   Sun Jan 22 00:12:05 2023 +0530

    Added Files Through Upload

commit 73a2f9ad11c1c58e9060944b5d5bb67f9b7aa1d3
Author: Deven Kalra <deven@Macbook.local>
Date:   Sat Jan 21 21:13:28 2023 +0530

    Added Files Through Upload

commit 47a6008476f5364a5a69fd72252ff50f28a8ab60
Author: Deven Kalra <deven@Macbook.local>
Date:   Thu Jan 19 10:18:10 2023 +0530

    Added Files Through Upload

commit b773f4094dfee3d5573d6927510b2173ca082949
Author: Deven <deven@Macbook.local>
Date:   Wed Jan 18 22:05:42 2023 +0530

    Added Files through Upload

commit 13b93faeffe47aa06489ecd3c1a3dfc9f6921c0b
Author: Deven <deven@Macbook.local>
Date:   Wed Jan 18 22:02:51 2023 +0530

    Added Files through Upload

commit 73ede1eea5156fa2fd455aec0d82e2a3597403e1
Author: Deven <deven@Macbook.local>
Date:   Tue Jan 17 01:32:54 2023 +0530

    Added Files through Upload

commit ee6c7688faf26059ba68967152ff7d8528f20b0b
Author: Deven <deven@Macbook.local>
Date:   Sun Jan 15 08:51:07 2023 +0530

    Added Files through Upload

commit 3a5e8ddf603c5fcebb779d427d0ad282ee2038e6
Author: Deven Kalra <deven@Macbook.local>
Date:   Fri Jan 13 12:27:26 2023 +0530

    Added Files Through Upload

commit 97572dbc871d2f01de8bc6e52126d9c7edbe9ca1
Author: Deven Kalra <deven@Macbook.local>
Date:   Fri Jan 13 12:15:51 2023 +0530

    Added Files Through Upload

commit 0f18be5cf1549ee16ba99575480fda047e6f50cc
Author: Deven <deven@Macbook.local>
Date:   Wed Jan 11 20:38:55 2023 +0530

    Added Files Through Upload

commit a0307cab5f5e0a222f46bca444b01ab203ce2ae4
Author: Deven <deven@Macbook.local>
Date:   Sat Jan 7 00:02:34 2023 +0530

    Added Files through upload

commit 36818c7b924cae26e835b7dfdfcb216440a59444
Author: Deven Kalra <deven@Macbook.local>
Date:   Sun Jan 1 15:23:57 2023 +0530

    Added Files through Upload

commit 4ffb45723969a479ff99ab7d80a9ac7a6a6e105c
Author: Deven Kalra <deven@Macbook.local>
Date:   Sat Dec 31 23:50:55 2022 +0530

    Added Files through Upload

commit 9c66f4428c5cb1c399a5d3d30acd797dccec3080
Author: Deven Kalra <deven@Macbook.local>
Date:   Fri Dec 30 07:26:19 2022 +0530

    Added Files through Upload

commit 480218b65a6ae487257fa4c2dd8c6be4b55322e4
Author: Deven Kalra <deven@Macbook.local>
Date:   Fri Dec 30 07:23:39 2022 +0530

    Added Files through Upload

commit 5948f1dd7afa02b396ff1133d6a0e9dbc3b3889b
Author: Deven Kalra <deven@Macbook.local>
Date:   Fri Dec 30 01:59:22 2022 +0530

    Added Files through Upload

commit 6e8dbcfcb5a1d60cdbae1882165211a56e7756bb
Author: Deven Kalra <deven@Macbook.local>
Date:   Thu Dec 29 22:31:19 2022 +0530

    Added Files Through Upload

commit 13e9b4828e154f54bc1b349184058558a9e63d14
Author: Deven Kalra <deven@Macbook.local>
Date:   Wed Dec 28 09:55:31 2022 +0530

    Added Files Through Upload

commit bd2d30b95bba299425ba740a71e2262735dbfc7c
Author: Deven Kalra <deven@Macbook.local>
Date:   Tue Dec 27 22:58:39 2022 +0530

    Added Files through Upload

commit a1835ec0f23f046250fc680e04097f9793c8ee08
Author: Deven Kalra <deven@Macbook.local>
Date:   Tue Dec 27 15:01:30 2022 +0530

    Added Files through Upload

commit 7c5293d3f9d0541c93452f14ce9ec205a41bbdea
Author: Deven Kalra <deven@Macbook.local>
Date:   Mon Dec 26 12:33:35 2022 +0530

    Added Files through Upload

commit e0ff3f2349af2ad48d9469cc9382bebc095300ea
Author: Deven Kalra <deven@Macbook.local>
Date:   Sun Dec 25 17:00:19 2022 +0530

    Added Files through Upload

commit 68442d0888aaf2ecb7d8a055cf351d59eb0a647b
Author: Deven Kalra <deven@Macbook.local>
Date:   Sun Dec 25 16:58:56 2022 +0530

    Added Files through Upload

commit 28b6ffe8417902e11c60d2f12470892d6241591a
Author: Deven Kalra <deven@Macbook.local>
Date:   Sun Dec 25 16:56:39 2022 +0530

    Added Files through Upload

commit b6f02a630c33bcceb2b0d1789b32b7c4634d6ccf
Author: Ankster <ankster@Macbook.local>
Date:   Fri Dec 23 09:59:46 2022 +0530

    Changes

commit 2a6934266e8df703ba748e0f082005f5411b643c
Author: Ankster <ankster@Macbook.local>
Date:   Fri Dec 23 09:46:50 2022 +0530

    Changes

commit 0bcf774b4929cb40b788942d36daa6d68c06cf7f
Author: Ankster <ankster@Macbook.local>
Date:   Fri Dec 23 09:45:25 2022 +0530

    Changes

commit 81cec78e06b6e47f3ccdad88dcf2f472f094e53b
Author: Deven Kalra <deven@Macbook.local>
Date:   Wed Dec 21 10:34:39 2022 +0530

    New Submodule

commit 93ed81c8cbaa1571dffe5af31618d7fe7184fd01
Author: Deven Kalra <deven@Macbook.local>
Date:   Mon Dec 19 06:32:35 2022 +0530

    Added Files Through Upload

commit f9b832ac62ee6e697c9f00a3adc627e91a3342f3
Author: Deven Kalra <deven@Macbook.local>
Date:   Mon Dec 19 04:27:41 2022 +0530

    Added Files Through Upload

commit 0e13bbaad6725aa7ee21920417c7d575e754ccf7
Author: Deven Kalra <deven@Macbook.local>
Date:   Sun Dec 18 08:03:46 2022 +0530

    Added Files Through Upload

commit 2f9cc1f67121adfc73b85557239df98162e6cc79
Author: Deven Kalra <deven@Macbook.local>
Date:   Fri Dec 16 22:30:05 2022 +0530

    Added Files Through Upload

commit c86d5cf1875f72a2d4a8ecd52ec91ade0d49e951
Author: Deven Kalra <ideven85@gmail.com>
Date:   Thu Dec 15 04:29:17 2022 +0530

    Cleaned UnNeeded Directories

commit 6ed8e9c047c592ae2e18f0f47fb81a4c9d167bab
Author: Admin <admin@Macbook.local>
Date:   Tue Dec 13 05:31:58 2022 +0530

    Added Files Through upload

commit 1eb80df6ba7c282bdfafbd80fbee97f2e90e50d6
Author: Deven <deven@Macbook.local>
Date:   Sun Dec 11 02:28:21 2022 +0530

    Added Files Through upload

commit 2a24bf6ec2ca88b4292a048e33ffaea453596927
Author: Deven <deven@Macbook.local>
Date:   Sun Dec 11 01:20:05 2022 +0530

    Added Files Through upload

commit 76d7f7cc4b260499f35326b585a1f2be369f840c
Author: Deven <deven@Macbook.local>
Date:   Fri Dec 9 08:23:32 2022 +0530

    Added Files Through upload

commit 715cfd9ece0498468b538dd946d0eccb96979fa9
Author: Deven <deven@Macbook.local>
Date:   Fri Dec 9 08:03:01 2022 +0530

    Added Files Through upload

commit 188ef688807ba7cea589e21bfa2b035009924a45
Author: Deven <deven@Macbook.local>
Date:   Fri Dec 9 07:57:18 2022 +0530

    Added Files Through upload

commit 9dcf16ef8822941e05994fb5fb68abee6519a350
Author: Deven <deven@Macbook.local>
Date:   Wed Dec 7 03:32:03 2022 +0530

    Added Files Through upload

commit e0e9b0fbab2380f71ed1afb92be954ad80da82c2
Author: Deven <deven@Macbook.local>
Date:   Tue Dec 6 21:48:22 2022 +0530

    Added Files Through upload

commit bb6c5bad1b37aa25efaffcd044eded5fe644a3cd
Author: Deven <deven@Macbook.local>
Date:   Tue Dec 6 01:37:11 2022 +0530

    Added Files Through upload

commit a2d443572fc5549c00099f1385bba98a6b8a0865
Author: Deven <deven@Macbook.local>
Date:   Sun Dec 4 01:58:02 2022 +0530

    Added Files Through Uploaad

commit cec48aa7ee794ca89a175799d248c1171eb3f5d2
Author: Deven <deven@Macbook.local>
Date:   Fri Dec 2 05:06:59 2022 +0530

    Added Files Through Uploaad

commit 37859a1806ed487c2380d3874f8d96dc9069e43e
Author: Deven <deven@Macbook.local>
Date:   Wed Nov 30 09:46:19 2022 +0530

    MultiProcessing

commit 38738703b04e487ed3085a7b5395f8b1091b611c
Author: Deven <deven@Macbook.local>
Date:   Mon Nov 28 03:34:05 2022 +0530

    Restructured

commit a1212afb319fe0f68710854c00c0a8ced29a6251
Author: Deven Kalra <deven@Macbook.local>
Date:   Sat Nov 26 02:10:57 2022 +0530

    Started Minor Projects

commit c607a6739de7671b39c87690eb920c0e45e1c008
Author: Deven Kalra <deven@Macbook.local>
Date:   Sat Nov 26 02:03:33 2022 +0530

    Started Minor Projects

commit 3255b34680d09dcb3de54f32052b8a79dbd8a085
Author: Deven <deven@Macbook.local>
Date:   Sun Nov 6 23:55:53 2022 +0530

    Final

commit 8c9c166c86811ac8af03ae82a05eea70a65e96c0
Author: Deven Kalra <deven@iMac.local>
Date:   Mon Oct 31 08:16:44 2022 +0530

    Added Test cases for most problems

commit a9097d504014b3025d422a4e06d435a221df7929
Author: Deven <deven@iMac.local>
Date:   Sat Oct 29 17:03:09 2022 +0530

    New Branch

commit 444e9992270b3d1f74604f4bb589ce630c543811
Author: Deven <deven@iMac.local>
Date:   Sat Oct 29 14:34:44 2022 +0530

    New Branch

commit f6c839a5dbda47a88bb67b9ea056df18e6b7a26f
Author: Deven Kalra <deven@iMac.local>
Date:   Sat Oct 22 21:57:22 2022 +0530

    Minor

commit 3c37feb2a1d9ff6ed97a010d5757d95e2b79d73f
Author: Deven <deven@iMac.local>
Date:   Fri Oct 21 08:55:39 2022 +0530

    Maybe

commit 0b799f22ec364f125b870707b9cb4ec9743615a2
Author: Deven <deven@Macbook.local>
Date:   Wed Oct 19 18:30:54 2022 +0530

    Sample Testing

commit d5d043d453f895bdf41bf6517aa9927fdc33ab9c
Author: Deven <deven@Macbook.local>
Date:   Tue Oct 18 06:03:36 2022 +0530

    Added Javascript and Python Codes

commit d9315991c47343ddceb4a684fef239ce98167714
Author: Deven <deven@Macbook.local>
Date:   Thu Oct 13 01:25:27 2022 +0530

    Nth commit

commit d0d6286fadd4bd85f496d19d70f25dc448bf90f1
Author: Deven <deven@Macbook.local>
Date:   Mon Oct 10 07:32:16 2022 +0530

    Async Communication Channels added

commit ea3359a96fd4b22fb3f3511b423df2a214e10ccb
Author: Deven Kalra <deven@Macbook.local>
Date:   Mon Oct 10 01:01:22 2022 +0530

    Nth Commit

commit 5c3d9392381eb7ffa77e5068574924a6a24c77de
Author: Deven <deven@Macbook.local>
Date:   Thu Oct 6 10:53:54 2022 +0530

    Rx Java

commit ae5c768ab9b4ec29c239a16afb93e26de00e345a
Author: Deven Kalra <ideven85@gmail.com>
Date:   Sat Sep 24 20:58:23 2022 +0530

    Restructuring

commit 3d5b8484b01a0e721cf574ea0b599002fbe235bc
Author: Deven Kalra <ideven85@gmail.com>
Date:   Sat Sep 24 19:16:03 2022 +0530

    Added new Code

commit b8f220265bf4059683e3c87139a3af0b233b4260
Author: Deven Kalra <ideven85@gmail.com>
Date:   Sat Sep 24 17:00:47 2022 +0530

    Restrcutured

commit 12376bf5ef710ea9682174a3e10136d34b701b7c
Author: Deven Kalra <ideven85@gmail.com>
Date:   Sat Sep 24 16:53:59 2022 +0530

    Restrcutured

commit 7e56d540ffd27487b8b23bc1fa3844e97311fa6f
Author: Deven Kalra <ideven85@gmail.com>
Date:   Sat Sep 24 16:47:28 2022 +0530

    Restructuring

commit cc3b5fb11711a9336dfd0ec05815d969f4d1957a
Author: Deven Kalra <ideven85@gmail.com>
Date:   Sat Sep 24 15:23:24 2022 +0530

    Ldap Examples

commit 328ad806acac3d2a1dae1a8474b32cc6dfbf1d7e
Author: Deven Kalra <deven@Mac.local>
Date:   Tue Sep 20 05:43:40 2022 +0530

    Dropped Fork

commit 615439959c87ae50650ddd7911ded62eb5e5a33b
Author: Ankster <ankster@Mac.local>
Date:   Mon Sep 19 02:24:15 2022 +0530

    Switching to main

commit 38fb3c696c2bf97a57df961b21914761d82cd38e
Author: Deven Kalra <ideven85@gmail.com>
Date:   Sat Sep 10 18:21:41 2022 +0530

    Cleanup

commit ac0df86ee80053686fb3381c90a01f5d1b479ee7
Author: Deven <deven@Mac.local>
Date:   Wed Sep 7 00:51:40 2022 +0530

    Cleanup

commit 7f42183e8a157235c5ee1f878bf8bb10fb89bae4
Author: Deven Kalra <deven@Macbook.local>
Date:   Sat Sep 3 23:29:19 2022 +0530

    First

commit c10e5f07d7be6445ee1844eeedf5820441408a64
Author: Deven Kalra <deven@Macbook.local>
Date:   Sat Sep 3 23:05:29 2022 +0530

    First

commit 7e1d2b945b88ecdcc1e846f71648dc132df5bc5b
Author: Deven Kalra <ideven85@gmail.com>
Date:   Thu Sep 1 15:51:13 2022 +0530

    IO

commit 870299f9707d0b631f1158baae6d786144eba8ba
Author: Deven Kalra <ideven85@gmail.com>
Date:   Wed Aug 31 17:19:04 2022 +0530

    Testing

commit a62011c88c3887a58a285f44825bc1f0f3d64437
Author: Deven Kalra <ideven85@gmail.com>
Date:   Tue Aug 30 21:20:22 2022 +0530

    Java Coding Problems

commit 5caaa6698a9c3ba2d0dbff8408aed1b8253e0106
Author: Deven Kalra <ideven85@gmail.com>
Date:   Thu Aug 25 14:37:47 2022 +0530

    Merging

commit 7f6e57d6fb187cd2bdb04e791619e73637d06ffd
Author: Deven Kalra <ideven85@gmail.com>
Date:   Thu Aug 18 13:25:57 2022 +0530

    Restructured

commit a1b3536144e112c501e6c2e3b252ed5ee4cff674
Author: Deven Kalra <ideven85@gmail.com>
Date:   Sat Aug 13 04:20:24 2022 +0530

    Final

commit 633ee7de84bfbae09eb49e4c6bde328ca2f13264
Author: Deven Kalra <ideven85@gmail.com>
Date:   Mon Aug 1 19:32:15 2022 +0530

    Yet another

commit 14b1a5b4c6a3c8f10b32daeff03a082ba8682f5f
Author: Deven Kalra <ideven85@gmail.com>
Date:   Mon Aug 1 19:07:40 2022 +0530

    Yet another

commit c1058a3121120c41a42fb25a861b5c031dbc4525
Author: Deven Kalra <ideven85@gmail.com>
Date:   Wed Jul 27 05:32:38 2022 +0530

    Yet another commit

commit 2b78aa09c64fb8360e153fcc1f472653c8ef25ba
Author: Deven Kalra <ideven85@gmail.com>
Date:   Wed Jul 27 03:15:39 2022 +0530

    Yet another commit

commit 6819acd7f8d6bacec8ec9ce80976c84bdb27677b
Author: Deven Kalra <ideven85@gmail.com>
Date:   Sun Jul 24 18:04:55 2022 +0530

    More

commit 827109ca23cbc5e794e1b5a6d5ba325785e33db8
Author: Deven Kalra <ideven85@gmail.com>
Date:   Sun Jul 17 15:43:43 2022 +0530

    Added more solutions with multithreading

commit 0308e6ce325be8b44c22efb969f00c0b44345aa6
Author: Deven Kalra <ideven85@gmail.com>
Date:   Sun Jul 10 04:27:57 2022 +0530

    Added Solutions for SDE sheet

commit 1ae16b4c3a10cf3e3dbfda713a7d0aa5183d5b6b
Author: Deven Kalra <ideven85@gmail.com>
Date:   Sat Jul 2 14:13:24 2022 +0530

    "Started Reactive Programming"

commit 2eedd5cafa25002700aab0e6efb8261f5148e620
Author: Deven Kalra <ideven85@gmail.com>
Date:   Sat Jun 25 06:16:53 2022 +0545

    Fixed Broken

commit fd3364e35c72ac9af7b41ad8a60caceb50608b26
Merge: 8efcfd2 5b17554
Author: Deven Kalra <ideven85@gmail.com>
Date:   Mon Jun 20 03:30:03 2022 +0530

    Added More solutions

commit 8efcfd25dcb740cb38205b4531ff3bf9778582e5
Author: Deven Kalra <ideven85@gmail.com>
Date:   Mon Jun 20 03:27:54 2022 +0530

    Added More solutions

commit 5b17554b842b84a4e562041b98aa5d3cd999ddcb
Author: Deven Kalra <ideven85@gmail.com>
Date:   Wed Jun 15 14:38:18 2022 +0530

    Changes to Project

commit d6e3e0117986b4e521ec4a42c6b795dbea2684c1
Author: Deven Kalra <ideven85@gmail.com>
Date:   Sat Jun 11 15:48:31 2022 +0530

    Rearrangement

commit 3bd597fcdca80e76b39374b5a0bdf6a71931d218
Author: Deven Kalra <ideven85@gmail.com>
Date:   Sat Jun 11 15:48:15 2022 +0530

    Rearrangement

commit f509783fadf8b96cc1682dc35d7de0de2ac2c125
Author: Deven Kalra <ideven85@gmail.com>
Date:   Thu Jun 2 10:06:42 2022 +0530

    Added Junit Testing

commit 04157c3f55fec0a165d682c7a6391b9ac2b684df
Author: Deven Kalra <ideven85@gmail.com>
Date:   Wed Jun 1 18:13:20 2022 +0530

    Started Reactive Java

commit d882bf6269797868917681d26cd3763075aba2ea
Author: Deven Kalra <ideven85@gmail.com>
Date:   Mon May 30 14:19:51 2022 +0530

    Started Development of Wordnet

commit 6bdc201e58f66fcfd1519d58f265de7a35179fcc
Author: Deven Kalra <ideven85@gmail.com>
Date:   Thu May 19 05:22:53 2022 +0530

    Final Push

commit b2c33758de7cc10e042cbd5284ae470e70767bd6
Author: Deven Kalra <ideven85@gmail.com>
Date:   Fri May 13 00:19:09 2022 +0530

    Added Sample Project

commit ea8d859bb681929312a141523d4427e8df1ea65d
Author: Deven Kalra <ideven85@gmail.com>
Date:   Thu May 12 22:47:51 2022 +0530

    Removed Duplicates

commit d135c7c60c6861c1dafc3cf626077f313e2e6747
Author: Deven Kalra <ideven85@gmail.com>
Date:   Thu May 12 22:47:08 2022 +0530

    Restructuring Project

commit 3b574688ce020e5d9733f51f11c78ccf664817b1
Author: Deven Kalra <ideven85@gmail.com>
Date:   Thu May 12 22:46:48 2022 +0530

    Restructuring Project

commit 79f0b92531f251d7c7d1a8ab8273354ef5be959a
Author: Deven Kalra <ideven85@gmail.com>
Date:   Thu May 12 22:46:08 2022 +0530

    Restructuring Project

commit 2b46d28b4ace860218348d9fc483c2ae67c9683d
Author: Deven Kalra <ideven85@gmail.com>
Date:   Thu May 12 22:45:23 2022 +0530

    Restructuring Project

commit c9e65aaf80a7adf37f464dfb031c1708199c096d
Author: Deven Kalra <ideven85@gmail.com>
Date:   Thu May 12 22:44:22 2022 +0530

    Restructuring Project

commit ffa6b8540e574aefb025aa1319a3dbbd0782844d
Author: Deven Kalra <ideven85@gmail.com>
Date:   Thu May 12 22:43:58 2022 +0530

    Restructuring Project

commit b4c11a265be70be6c1394a43f4b268ab85343f67
Author: Deven Kalra <ideven85@gmail.com>
Date:   Thu May 12 22:43:29 2022 +0530

    Restructuring Project

commit 99787e214aca936e9516770781ad6b9b248c50e8
Author: Deven Kalra <ideven85@gmail.com>
Date:   Thu May 12 22:42:54 2022 +0530

    Restructuring Project

commit d6483626aada920db225fe0c6c9132e2c08c8145
Author: Deven Kalra <ideven85@gmail.com>
Date:   Thu May 12 22:42:35 2022 +0530

    Restructuring Project

commit 55888803ba5ef1ca002e0d8a969e0203a081a555
Author: Deven Kalra <ideven85@gmail.com>
Date:   Thu May 12 22:41:59 2022 +0530

    Restructuring Project

commit 1c722aba88d463fe2063edb2388ea974571deac6
Merge: d67c0de 483ebfd
Author: Deven Kalra <ideven85@gmail.com>
Date:   Thu May 12 22:38:50 2022 +0530

    Graph Theory

commit d67c0de171cb62153afd068d9bdbafcb7fd4de43
Author: Deven Kalra <ideven85@gmail.com>
Date:   Thu May 12 22:36:04 2022 +0530

    Graph Theory

commit 483ebfd10d1e4076499669ad2cf06b232762d5e3
Author: Deven Kalra <ideven85@gmail.com>
Date:   Wed May 11 00:26:04 2022 +0530

    Advanced Algorithmic Theory

commit 84b0c9fad91170e67b0199ca4a9d781e0b5108f2
Merge: d13ed08 3f61554
Author: Deven Kalra <ideven85@gmail.com>
Date:   Mon May 9 10:48:36 2022 +0530

    Forked Important Interview Problems

commit d13ed085a0e7e55d567f83f59d9d82b59c1e947a
Author: Deven Kalra <deven@Mac.local>
Date:   Mon May 9 10:42:34 2022 +0530

    Forked Interview Problems

commit 3f615541cdd3505a8904a5b0099f3c7694bf0c18
Author: Deven Kalra <ideven85@gmail.com>
Date:   Mon Apr 25 08:57:34 2022 +0530

    Changed Final

commit b7be422f66adc10b70e19f31e2ebdf4fd59b7265
Author: Deven Kalra <ideven85@gmail.com>
Date:   Mon Apr 25 08:56:42 2022 +0530

    Changed Final

commit 3c89e8ee4257bb9fbdc0f66fb3366f19614eb78a
Author: Deven Kalra <ideven85@gmail.com>
Date:   Mon Apr 25 08:54:46 2022 +0530

    Final

commit 528e8f7ee41c5c358ab6f15d38dbe388a86a56e9
Author: Ankster <ankster@Mac.local>
Date:   Wed Mar 9 02:17:36 2022 +0530

    Added Graph theory

commit 98d5a7510c1053b007a0ab79234af7b52945e006
Author: Deven Kalra <ideven85@gmail.com>
Date:   Mon Mar 7 02:56:27 2022 +0530

    Minor Changes

commit 07d11a2cad56ab04c0900f4197960894e87aecc4
Author: Deven Kalra <ideven85@gmail.com>
Date:   Mon Mar 7 00:17:54 2022 +0530

    Minor Changes

commit ec2b349cd2803ffcbd4ea8b3e635955354f31b4a
Author: Deven Kalra <ideven85@gmail.com>
Date:   Mon Mar 7 00:16:43 2022 +0530

    Minor Changes

commit 2ef48c29fff39674335d2ab736c1e5ef771e19ec
Author: Deven Kalra <ideven85@gmail.com>
Date:   Sat Mar 5 13:38:23 2022 +0530

    Added Greedy and BackTracking Problems

commit ccfce5ad090068875f2596ba3fbae0b3adfb0268
Author: Deven Kalra <ideven85@gmail.com>
Date:   Fri Mar 4 11:59:29 2022 +0530

    Added Sudoku Solver

commit 4583f4893c56322d5efdc7211e9fdb47d0deeac3
Author: Deven Kalra <ideven85@gmail.com>
Date:   Fri Mar 4 06:47:28 2022 +0530

    Added Sudoku Solver

commit 1597dfd1c3216a76f47f57fcdec37d22bcb24c23
Author: Deven Kalra <ideven85@gmail.com>
Date:   Fri Mar 4 06:03:50 2022 +0530

    Added Sudoku Solver

commit 269140cfdeef3c3342e726238539d64514feda92
Author: Deven Kalra <ideven85@gmail.com>
Date:   Wed Mar 2 21:28:19 2022 +0530

    Basic Graph Algorithms

commit 99b0cd1b6c0ed0d967037361cd39a130bf528bc8
Author: Deven Kalra <ideven85@gmail.com>
Date:   Fri Feb 25 16:29:35 2022 +0530

    More Graph Problems

commit 798d8d9626ab883b3d4f97a404b5e1e72724a4eb
Author: Deven Kalra <ideven85@gmail.com>
Date:   Fri Feb 25 16:27:37 2022 +0530

    More Graph Problems

commit eeaa3f38bc6c328b374564f4a77446da233f37bf
Author: Deven Kalra <ideven85@gmail.com>
Date:   Tue Feb 22 15:56:47 2022 +0530

    More Problems with detailed explanations

commit 01e08773267668e57f2653c169f16c701accf1c3
Author: Deven Kalra <ideven85@gmail.com>
Date:   Mon Feb 21 11:51:33 2022 +0530

    Added Graph Theory Problems

commit 876290dbf9b6ffdaff4a6417d58108fba899f15e
Author: Deven Kalra <ideven85@gmail.com>
Date:   Tue Feb 15 07:38:54 2022 +0530

    Added Multi Fork

commit 67dcf21cbb49aba76ca03b97a214e1470054e064
Author: Deven <deven@Mac.local>
Date:   Tue Feb 15 07:37:35 2022 +0530

    Added Multi Fork

commit 1ce19c1ea0ee345fcae56e0c0d333a1008541feb
Author: Deven <deven@Mac.local>
Date:   Tue Feb 15 07:37:00 2022 +0530

    Added Multi Fork

commit 1be0e9038923cf9fe7fd40bf3e07de95b879601a
Author: Deven Kalra <ideven85@gmail.com>
Date:   Sat Feb 12 05:38:50 2022 +0530

    New Algorithms

commit 0de42d0cf002078edb2a9e250fffdeb882de6947
Author: Deven Kalra <ideven85@gmail.com>
Date:   Tue Feb 8 03:50:35 2022 +0530

    Cleaned up

commit 0d193c7dd17002d17685f9afc38c5730d383a287
Author: Deven Kalra <ideven85@gmail.com>
Date:   Sun Jan 30 03:34:30 2022 +0530

    Added Advanced Problems

commit 5bda68104531955304b15325aa15fffccb67b270
Author: Ankster <ankster@Mac.local>
Date:   Sun Jan 30 03:32:15 2022 +0530

    Added Advanced Problems

commit 3bbb32014cfceee8a1edf67baeada558ed9e6ac8
Author: Deven Kalra <ideven85@gmail.com>
Date:   Mon Jan 24 07:53:34 2022 +0530

    Added Tetris Game

commit e19fc049e2f66a2f837af2617d34819cb541c787
Author: Deven <deven@Mac.local>
Date:   Mon Jan 24 07:50:50 2022 +0530

    Added dependencies

commit 733a593e14065d062559b0ac61a02c4433a89c97
Author: Deven <deven@Mac.local>
Date:   Mon Jan 24 07:42:05 2022 +0530

    First

commit 573f9d77b6c44bb78516b35f1e382885fffbbf38
Author: Deven Kalra <63672944+ideven85@users.noreply.github.com>
Date:   Mon Jan 24 07:39:33 2022 +0530

    Initial commit

